-------------------------------------------------------------------------------
Test set: com.yxh.springboot.ApplicationTests
-------------------------------------------------------------------------------
Tests run: 1, Failures: 0, Errors: 1, Skipped: 0, Time elapsed: 9.136 s <<< FAILURE! - in com.yxh.springboot.ApplicationTests
contextLoads  Time elapsed: 0.072 s  <<< ERROR!
java.lang.IllegalStateException: Failed to load ApplicationContext
Caused by: org.springframework.beans.factory.BeanCreationException: Error creating bean with name 'newsController': Injection of resource dependencies failed; nested exception is org.springframework.beans.factory.BeanNotOfRequiredTypeException: Bean named 'newsService' is expected to be of type 'com.yxh.springboot.service.impl.NewsServiceImpl' but was actually of type 'com.sun.proxy.$Proxy107'
Caused by: org.springframework.beans.factory.BeanNotOfRequiredTypeException: Bean named 'newsService' is expected to be of type 'com.yxh.springboot.service.impl.NewsServiceImpl' but was actually of type 'com.sun.proxy.$Proxy107'

